This file contains any messages produced by compilers while
running configure, to aid debugging if configure makes a mistake.

It was created by tio configure 1.32, which was
generated by GNU Autoconf 2.69.  Invocation command line was

  $ ./configure 

## --------- ##
## Platform. ##
## --------- ##

hostname = robust
uname -m = x86_64
uname -r = 5.4.0-47-generic
uname -s = Linux
uname -v = #51-Ubuntu SMP Fri Sep 4 19:50:52 UTC 2020

/usr/bin/uname -p = x86_64
/bin/uname -X     = unknown

/bin/arch              = x86_64
/usr/bin/arch -k       = unknown
/usr/convex/getsysinfo = unknown
/usr/bin/hostinfo      = unknown
/bin/machine           = unknown
/usr/bin/oslevel       = unknown
/bin/universe          = unknown

PATH: /home/mgorlick/.guix-profile/bin
PATH: /home/mgorlick/.guix-profile/sbin
PATH: /home/mgorlick/.config/guix/current/bin
PATH: /usr/local/sbin
PATH: /usr/local/bin
PATH: /usr/sbin
PATH: /usr/bin
PATH: /sbin
PATH: /bin
PATH: /usr/games
PATH: /usr/local/games
PATH: /snap/bin


## ----------- ##
## Core tests. ##
## ----------- ##

configure:1902: checking for a BSD-compatible install
configure:1970: result: /usr/bin/install -c
configure:1981: checking whether build environment is sane
configure:2036: result: yes
configure:2185: checking for a thread-safe mkdir -p
configure:2224: result: /usr/bin/mkdir -p
configure:2231: checking for gawk
configure:2261: result: no
configure:2231: checking for mawk
configure:2247: found /usr/bin/mawk
configure:2258: result: mawk
configure:2269: checking whether make sets $(MAKE)
configure:2291: result: yes
configure:2320: checking whether make supports nested variables
configure:2337: result: yes
configure:2474: checking whether make supports nested variables
configure:2491: result: yes
configure:2550: checking for gcc
configure:2566: found /home/mgorlick/.guix-profile/bin/gcc
configure:2577: result: gcc
configure:2806: checking for C compiler version
configure:2815: gcc --version >&5
gcc (GCC) 10.2.0
Copyright (C) 2020 Free Software Foundation, Inc.
This is free software; see the source for copying conditions.  There is NO
warranty; not even for MERCHANTABILITY or FITNESS FOR A PARTICULAR PURPOSE.

configure:2826: $? = 0
configure:2815: gcc -v >&5
Using built-in specs.
COLLECT_GCC=gcc
COLLECT_LTO_WRAPPER=/gnu/store/xpdy9vvqym9xv7praqkwsm3gdzn2kv1p-gcc-10.2.0/libexec/gcc/x86_64-unknown-linux-gnu/10.2.0/lto-wrapper
Target: x86_64-unknown-linux-gnu
Configured with: 
Thread model: posix
Supported LTO compression algorithms: zlib
gcc version 10.2.0 (GCC) 
configure:2826: $? = 0
configure:2815: gcc -V >&5
gcc: error: unrecognized command-line option '-V'
gcc: fatal error: no input files
compilation terminated.
configure:2826: $? = 1
configure:2815: gcc -qversion >&5
gcc: error: unrecognized command-line option '-qversion'; did you mean '--version'?
gcc: fatal error: no input files
compilation terminated.
configure:2826: $? = 1
configure:2846: checking whether the C compiler works
configure:2868: gcc    conftest.c  >&5
configure:2872: $? = 0
configure:2920: result: yes
configure:2923: checking for C compiler default output file name
configure:2925: result: a.out
configure:2931: checking for suffix of executables
configure:2938: gcc -o conftest    conftest.c  >&5
configure:2942: $? = 0
configure:2964: result: 
configure:2986: checking whether we are cross compiling
configure:2994: gcc -o conftest    conftest.c  >&5
configure:2998: $? = 0
configure:3005: ./conftest
configure:3009: $? = 0
configure:2997: result: no
configure:3002: checking for suffix of object files
configure:3024: gcc -c   conftest.c >&5
configure:3028: $? = 0
configure:3049: result: o
configure:3053: checking whether we are using the GNU C compiler
configure:3072: gcc -c   conftest.c >&5
configure:3072: $? = 0
configure:3081: result: yes
configure:3090: checking whether gcc accepts -g
configure:3110: gcc -c -g  conftest.c >&5
configure:3110: $? = 0
configure:3151: result: yes
configure:3168: checking for gcc option to accept ISO C89
configure:3231: gcc  -c -g -O2  conftest.c >&5
configure:3231: $? = 0
configure:3244: result: none needed
configure:3269: checking whether gcc understands -c and -o together
configure:3291: gcc -c conftest.c -o conftest2.o
configure:3294: $? = 0
configure:3291: gcc -c conftest.c -o conftest2.o
configure:3294: $? = 0
configure:3306: result: yes
configure:3326: checking whether make supports the include directive
configure:3341: make -f confmf.GNU && cat confinc.out
this is the am__doit target
configure:3344: $? = 0
configure:3363: result: yes (GNU style)
configure:3388: checking dependency style of gcc
configure:3499: result: gcc3
configure:3529: checking for special C compiler options needed for large files
configure:3574: result: no
configure:3580: checking for _FILE_OFFSET_BITS value needed for large files
configure:3605: gcc -c -g -O2  conftest.c >&5
configure:3605: $? = 0
configure:3637: result: no
configure:3758: checking whether B0 is declared
configure:3758: gcc -c -g -O2  conftest.c >&5
configure:3758: $? = 0
configure:3758: result: yes
configure:3776: checking whether B50 is declared
configure:3776: gcc -c -g -O2  conftest.c >&5
configure:3776: $? = 0
configure:3776: result: yes
configure:3794: checking whether B75 is declared
configure:3794: gcc -c -g -O2  conftest.c >&5
configure:3794: $? = 0
configure:3794: result: yes
configure:3812: checking whether B110 is declared
configure:3812: gcc -c -g -O2  conftest.c >&5
configure:3812: $? = 0
configure:3812: result: yes
configure:3830: checking whether B134 is declared
configure:3830: gcc -c -g -O2  conftest.c >&5
configure:3830: $? = 0
configure:3830: result: yes
configure:3848: checking whether B150 is declared
configure:3848: gcc -c -g -O2  conftest.c >&5
configure:3848: $? = 0
configure:3848: result: yes
configure:3866: checking whether B200 is declared
configure:3866: gcc -c -g -O2  conftest.c >&5
configure:3866: $? = 0
configure:3866: result: yes
configure:3884: checking whether B300 is declared
configure:3884: gcc -c -g -O2  conftest.c >&5
configure:3884: $? = 0
configure:3884: result: yes
configure:3902: checking whether B600 is declared
configure:3902: gcc -c -g -O2  conftest.c >&5
configure:3902: $? = 0
configure:3902: result: yes
configure:3920: checking whether B1200 is declared
configure:3920: gcc -c -g -O2  conftest.c >&5
configure:3920: $? = 0
configure:3920: result: yes
configure:3938: checking whether B1800 is declared
configure:3938: gcc -c -g -O2  conftest.c >&5
configure:3938: $? = 0
configure:3938: result: yes
configure:3956: checking whether B2400 is declared
configure:3956: gcc -c -g -O2  conftest.c >&5
configure:3956: $? = 0
configure:3956: result: yes
configure:3974: checking whether B4800 is declared
configure:3974: gcc -c -g -O2  conftest.c >&5
configure:3974: $? = 0
configure:3974: result: yes
configure:3992: checking whether B7200 is declared
configure:3992: gcc -c -g -O2  conftest.c >&5
conftest.c: In function 'main':
conftest.c:20:10: error: 'B7200' undeclared (first use in this function); did you mean 'B1200'?
   20 |   (void) B7200;
      |          ^~~~~
      |          B1200
conftest.c:20:10: note: each undeclared identifier is reported only once for each function it appears in
configure:3992: $? = 1
configure: failed program was:
| /* confdefs.h */
| #define PACKAGE_NAME "tio"
| #define PACKAGE_TARNAME "tio"
| #define PACKAGE_VERSION "1.32"
| #define PACKAGE_STRING "tio 1.32"
| #define PACKAGE_BUGREPORT ""
| #define PACKAGE_URL "https://tio.github.io"
| #define PACKAGE "tio"
| #define VERSION "1.32"
| /* end confdefs.h.  */
| #include <termios.h>
| 
| int
| main ()
| {
| #ifndef B7200
| #ifdef __cplusplus
|   (void) B7200;
| #else
|   (void) B7200;
| #endif
| #endif
| 
|   ;
|   return 0;
| }
configure:3992: result: no
configure:4010: checking whether B9600 is declared
configure:4010: gcc -c -g -O2  conftest.c >&5
configure:4010: $? = 0
configure:4010: result: yes
configure:4028: checking whether B14400 is declared
configure:4028: gcc -c -g -O2  conftest.c >&5
conftest.c: In function 'main':
conftest.c:20:10: error: 'B14400' undeclared (first use in this function); did you mean 'B1200'?
   20 |   (void) B14400;
      |          ^~~~~~
      |          B1200
conftest.c:20:10: note: each undeclared identifier is reported only once for each function it appears in
configure:4028: $? = 1
configure: failed program was:
| /* confdefs.h */
| #define PACKAGE_NAME "tio"
| #define PACKAGE_TARNAME "tio"
| #define PACKAGE_VERSION "1.32"
| #define PACKAGE_STRING "tio 1.32"
| #define PACKAGE_BUGREPORT ""
| #define PACKAGE_URL "https://tio.github.io"
| #define PACKAGE "tio"
| #define VERSION "1.32"
| /* end confdefs.h.  */
| #include <termios.h>
| 
| int
| main ()
| {
| #ifndef B14400
| #ifdef __cplusplus
|   (void) B14400;
| #else
|   (void) B14400;
| #endif
| #endif
| 
|   ;
|   return 0;
| }
configure:4028: result: no
configure:4046: checking whether B19200 is declared
configure:4046: gcc -c -g -O2  conftest.c >&5
configure:4046: $? = 0
configure:4046: result: yes
configure:4064: checking whether B28800 is declared
configure:4064: gcc -c -g -O2  conftest.c >&5
conftest.c: In function 'main':
conftest.c:20:10: error: 'B28800' undeclared (first use in this function); did you mean 'B2400'?
   20 |   (void) B28800;
      |          ^~~~~~
      |          B2400
conftest.c:20:10: note: each undeclared identifier is reported only once for each function it appears in
configure:4064: $? = 1
configure: failed program was:
| /* confdefs.h */
| #define PACKAGE_NAME "tio"
| #define PACKAGE_TARNAME "tio"
| #define PACKAGE_VERSION "1.32"
| #define PACKAGE_STRING "tio 1.32"
| #define PACKAGE_BUGREPORT ""
| #define PACKAGE_URL "https://tio.github.io"
| #define PACKAGE "tio"
| #define VERSION "1.32"
| /* end confdefs.h.  */
| #include <termios.h>
| 
| int
| main ()
| {
| #ifndef B28800
| #ifdef __cplusplus
|   (void) B28800;
| #else
|   (void) B28800;
| #endif
| #endif
| 
|   ;
|   return 0;
| }
configure:4064: result: no
configure:4082: checking whether B38400 is declared
configure:4082: gcc -c -g -O2  conftest.c >&5
configure:4082: $? = 0
configure:4082: result: yes
configure:4100: checking whether B57600 is declared
configure:4100: gcc -c -g -O2  conftest.c >&5
configure:4100: $? = 0
configure:4100: result: yes
configure:4118: checking whether B76800 is declared
configure:4118: gcc -c -g -O2  conftest.c >&5
conftest.c: In function 'main':
conftest.c:20:10: error: 'B76800' undeclared (first use in this function); did you mean 'B9600'?
   20 |   (void) B76800;
      |          ^~~~~~
      |          B9600
conftest.c:20:10: note: each undeclared identifier is reported only once for each function it appears in
configure:4118: $? = 1
configure: failed program was:
| /* confdefs.h */
| #define PACKAGE_NAME "tio"
| #define PACKAGE_TARNAME "tio"
| #define PACKAGE_VERSION "1.32"
| #define PACKAGE_STRING "tio 1.32"
| #define PACKAGE_BUGREPORT ""
| #define PACKAGE_URL "https://tio.github.io"
| #define PACKAGE "tio"
| #define VERSION "1.32"
| /* end confdefs.h.  */
| #include <termios.h>
| 
| int
| main ()
| {
| #ifndef B76800
| #ifdef __cplusplus
|   (void) B76800;
| #else
|   (void) B76800;
| #endif
| #endif
| 
|   ;
|   return 0;
| }
configure:4118: result: no
configure:4136: checking whether B115200 is declared
configure:4136: gcc -c -g -O2  conftest.c >&5
configure:4136: $? = 0
configure:4136: result: yes
configure:4154: checking whether B230400 is declared
configure:4154: gcc -c -g -O2  conftest.c >&5
configure:4154: $? = 0
configure:4154: result: yes
configure:4172: checking whether B460800 is declared
configure:4172: gcc -c -g -O2  conftest.c >&5
configure:4172: $? = 0
configure:4172: result: yes
configure:4190: checking whether B500000 is declared
configure:4190: gcc -c -g -O2  conftest.c >&5
configure:4190: $? = 0
configure:4190: result: yes
configure:4208: checking whether B576000 is declared
configure:4208: gcc -c -g -O2  conftest.c >&5
configure:4208: $? = 0
configure:4208: result: yes
configure:4226: checking whether B921600 is declared
configure:4226: gcc -c -g -O2  conftest.c >&5
configure:4226: $? = 0
configure:4226: result: yes
configure:4244: checking whether B1000000 is declared
configure:4244: gcc -c -g -O2  conftest.c >&5
configure:4244: $? = 0
configure:4244: result: yes
configure:4262: checking whether B1152000 is declared
configure:4262: gcc -c -g -O2  conftest.c >&5
configure:4262: $? = 0
configure:4262: result: yes
configure:4280: checking whether B1500000 is declared
configure:4280: gcc -c -g -O2  conftest.c >&5
configure:4280: $? = 0
configure:4280: result: yes
configure:4298: checking whether B2000000 is declared
configure:4298: gcc -c -g -O2  conftest.c >&5
configure:4298: $? = 0
configure:4298: result: yes
configure:4316: checking whether B2500000 is declared
configure:4316: gcc -c -g -O2  conftest.c >&5
configure:4316: $? = 0
configure:4316: result: yes
configure:4334: checking whether B3000000 is declared
configure:4334: gcc -c -g -O2  conftest.c >&5
configure:4334: $? = 0
configure:4334: result: yes
configure:4352: checking whether B3500000 is declared
configure:4352: gcc -c -g -O2  conftest.c >&5
configure:4352: $? = 0
configure:4352: result: yes
configure:4370: checking whether B4000000 is declared
configure:4370: gcc -c -g -O2  conftest.c >&5
configure:4370: $? = 0
configure:4370: result: yes
configure:4397: checking whether TCGETS2 is declared
configure:4397: gcc -c -g -O2  conftest.c >&5
configure:4397: $? = 0
configure:4397: result: yes
configure:4523: checking that generated files are newer than configure
configure:4529: result: done
configure:4560: creating ./config.status

## ---------------------- ##
## Running config.status. ##
## ---------------------- ##

This file was extended by tio config.status 1.32, which was
generated by GNU Autoconf 2.69.  Invocation command line was

  CONFIG_FILES    = 
  CONFIG_HEADERS  = 
  CONFIG_LINKS    = 
  CONFIG_COMMANDS = 
  $ ./config.status 

on robust

config.status:865: creating Makefile
config.status:865: creating src/Makefile
config.status:865: creating src/bash-completion/tio
config.status:865: creating man/Makefile
config.status:865: creating src/include/config.h
config.status:1046: src/include/config.h is unchanged
config.status:1094: executing depfiles commands
config.status:1171: cd src       && sed -e '/# am--include-marker/d' Makefile         | make -f - am--depfiles
make: Nothing to be done for 'am--depfiles'.
config.status:1176: $? = 0

## ---------------- ##
## Cache variables. ##
## ---------------- ##

ac_cv_c_compiler_gnu=yes
ac_cv_env_CC_set=
ac_cv_env_CC_value=
ac_cv_env_CFLAGS_set=
ac_cv_env_CFLAGS_value=
ac_cv_env_CPPFLAGS_set=
ac_cv_env_CPPFLAGS_value=
ac_cv_env_LDFLAGS_set=
ac_cv_env_LDFLAGS_value=
ac_cv_env_LIBS_set=
ac_cv_env_LIBS_value=
ac_cv_env_build_alias_set=
ac_cv_env_build_alias_value=
ac_cv_env_host_alias_set=
ac_cv_env_host_alias_value=
ac_cv_env_target_alias_set=
ac_cv_env_target_alias_value=
ac_cv_have_decl_B0=yes
ac_cv_have_decl_B1000000=yes
ac_cv_have_decl_B110=yes
ac_cv_have_decl_B1152000=yes
ac_cv_have_decl_B115200=yes
ac_cv_have_decl_B1200=yes
ac_cv_have_decl_B134=yes
ac_cv_have_decl_B14400=no
ac_cv_have_decl_B1500000=yes
ac_cv_have_decl_B150=yes
ac_cv_have_decl_B1800=yes
ac_cv_have_decl_B19200=yes
ac_cv_have_decl_B2000000=yes
ac_cv_have_decl_B200=yes
ac_cv_have_decl_B230400=yes
ac_cv_have_decl_B2400=yes
ac_cv_have_decl_B2500000=yes
ac_cv_have_decl_B28800=no
ac_cv_have_decl_B3000000=yes
ac_cv_have_decl_B300=yes
ac_cv_have_decl_B3500000=yes
ac_cv_have_decl_B38400=yes
ac_cv_have_decl_B4000000=yes
ac_cv_have_decl_B460800=yes
ac_cv_have_decl_B4800=yes
ac_cv_have_decl_B500000=yes
ac_cv_have_decl_B50=yes
ac_cv_have_decl_B576000=yes
ac_cv_have_decl_B57600=yes
ac_cv_have_decl_B600=yes
ac_cv_have_decl_B7200=no
ac_cv_have_decl_B75=yes
ac_cv_have_decl_B76800=no
ac_cv_have_decl_B921600=yes
ac_cv_have_decl_B9600=yes
ac_cv_have_decl_TCGETS2=yes
ac_cv_objext=o
ac_cv_path_install='/usr/bin/install -c'
ac_cv_path_mkdir=/usr/bin/mkdir
ac_cv_prog_AWK=mawk
ac_cv_prog_ac_ct_CC=gcc
ac_cv_prog_cc_c89=
ac_cv_prog_cc_g=yes
ac_cv_prog_make_make_set=yes
ac_cv_sys_file_offset_bits=no
ac_cv_sys_largefile_CC=no
am_cv_CC_dependencies_compiler_type=gcc3
am_cv_make_support_nested_variables=yes
am_cv_prog_cc_c_o=yes

## ----------------- ##
## Output variables. ##
## ----------------- ##

ACLOCAL='${SHELL} /home/mgorlick/Downloads/tio-1.32/missing aclocal-1.16'
ADD_SETSPEED2_FALSE='#'
ADD_SETSPEED2_TRUE=''
AMDEPBACKSLASH='\'
AMDEP_FALSE='#'
AMDEP_TRUE=''
AMTAR='$${TAR-tar}'
AM_BACKSLASH='\'
AM_DEFAULT_V='$(AM_DEFAULT_VERBOSITY)'
AM_DEFAULT_VERBOSITY='0'
AM_V='$(V)'
AUTOCONF='${SHELL} /home/mgorlick/Downloads/tio-1.32/missing autoconf'
AUTOHEADER='${SHELL} /home/mgorlick/Downloads/tio-1.32/missing autoheader'
AUTOMAKE='${SHELL} /home/mgorlick/Downloads/tio-1.32/missing automake-1.16'
AWK='mawk'
BASH_COMPLETION_DIR='${datarootdir}/bash-completion/completions'
BAUDRATES=' 0 50 75 110 134 150 200 300 600 1200 1800 2400 4800 9600 19200 38400 57600 115200 230400 460800 500000 576000 921600 1000000 1152000 1500000 2000000 2500000 3000000 3500000 4000000'
BAUDRATE_CASES=' case 0: baudrate = B0; break; case 50: baudrate = B50; break; case 75: baudrate = B75; break; case 110: baudrate = B110; break; case 134: baudrate = B134; break; case 150: baudrate = B150; break; case 200: baudrate = B200; break; case 300: baudrate = B300; break; case 600: baudrate = B600; break; case 1200: baudrate = B1200; break; case 1800: baudrate = B1800; break; case 2400: baudrate = B2400; break; case 4800: baudrate = B4800; break; case 9600: baudrate = B9600; break; case 19200: baudrate = B19200; break; case 38400: baudrate = B38400; break; case 57600: baudrate = B57600; break; case 115200: baudrate = B115200; break; case 230400: baudrate = B230400; break; case 460800: baudrate = B460800; break; case 500000: baudrate = B500000; break; case 576000: baudrate = B576000; break; case 921600: baudrate = B921600; break; case 1000000: baudrate = B1000000; break; case 1152000: baudrate = B1152000; break; case 1500000: baudrate = B1500000; break; case 2000000: baudrate = B2000000; break; case 2500000: baudrate = B2500000; break; case 3000000: baudrate = B3000000; break; case 3500000: baudrate = B3500000; break; case 4000000: baudrate = B4000000; break;'
CC='gcc'
CCDEPMODE='depmode=gcc3'
CFLAGS='-g -O2'
CPPFLAGS=''
CYGPATH_W='echo'
DEFS='-DHAVE_CONFIG_H'
DEPDIR='.deps'
ECHO_C=''
ECHO_N='-n'
ECHO_T=''
ENABLE_BASH_COMPLETION_FALSE='#'
ENABLE_BASH_COMPLETION_TRUE=''
EXEEXT=''
INSTALL_DATA='${INSTALL} -m 644'
INSTALL_PROGRAM='${INSTALL}'
INSTALL_SCRIPT='${INSTALL}'
INSTALL_STRIP_PROGRAM='$(install_sh) -c -s'
LDFLAGS=''
LIBOBJS=''
LIBS=''
LTLIBOBJS=''
MAKEINFO='${SHELL} /home/mgorlick/Downloads/tio-1.32/missing makeinfo'
MKDIR_P='/usr/bin/mkdir -p'
OBJEXT='o'
PACKAGE='tio'
PACKAGE_BUGREPORT=''
PACKAGE_NAME='tio'
PACKAGE_STRING='tio 1.32'
PACKAGE_TARNAME='tio'
PACKAGE_URL='https://tio.github.io'
PACKAGE_VERSION='1.32'
PATH_SEPARATOR=':'
SET_MAKE=''
SHELL='/bin/bash'
STRIP=''
VERSION='1.32'
ac_ct_CC='gcc'
am__EXEEXT_FALSE=''
am__EXEEXT_TRUE='#'
am__fastdepCC_FALSE='#'
am__fastdepCC_TRUE=''
am__include='include'
am__isrc=''
am__leading_dot='.'
am__nodep='_no'
am__quote=''
am__tar='$${TAR-tar} chof - "$$tardir"'
am__untar='$${TAR-tar} xf -'
bindir='${exec_prefix}/bin'
build_alias=''
datadir='${datarootdir}'
datarootdir='${prefix}/share'
docdir='${datarootdir}/doc/${PACKAGE_TARNAME}'
dvidir='${docdir}'
exec_prefix='${prefix}'
host_alias=''
htmldir='${docdir}'
includedir='${prefix}/include'
infodir='${datarootdir}/info'
install_sh='${SHELL} /home/mgorlick/Downloads/tio-1.32/install-sh'
libdir='${exec_prefix}/lib'
libexecdir='${exec_prefix}/libexec'
localedir='${datarootdir}/locale'
localstatedir='${prefix}/var'
mandir='${datarootdir}/man'
mkdir_p='$(MKDIR_P)'
oldincludedir='/usr/include'
pdfdir='${docdir}'
prefix='/usr/local'
program_transform_name='s,x,x,'
psdir='${docdir}'
runstatedir='${localstatedir}/run'
sbindir='${exec_prefix}/sbin'
sharedstatedir='${prefix}/com'
sysconfdir='${prefix}/etc'
target_alias=''

## ----------- ##
## confdefs.h. ##
## ----------- ##

/* confdefs.h */
#define PACKAGE_NAME "tio"
#define PACKAGE_TARNAME "tio"
#define PACKAGE_VERSION "1.32"
#define PACKAGE_STRING "tio 1.32"
#define PACKAGE_BUGREPORT ""
#define PACKAGE_URL "https://tio.github.io"
#define PACKAGE "tio"
#define VERSION "1.32"
#define AUTOCONF_BAUDRATE_CASES  case 0: baudrate = B0; break; case 50: baudrate = B50; break; case 75: baudrate = B75; break; case 110: baudrate = B110; break; case 134: baudrate = B134; break; case 150: baudrate = B150; break; case 200: baudrate = B200; break; case 300: baudrate = B300; break; case 600: baudrate = B600; break; case 1200: baudrate = B1200; break; case 1800: baudrate = B1800; break; case 2400: baudrate = B2400; break; case 4800: baudrate = B4800; break; case 9600: baudrate = B9600; break; case 19200: baudrate = B19200; break; case 38400: baudrate = B38400; break; case 57600: baudrate = B57600; break; case 115200: baudrate = B115200; break; case 230400: baudrate = B230400; break; case 460800: baudrate = B460800; break; case 500000: baudrate = B500000; break; case 576000: baudrate = B576000; break; case 921600: baudrate = B921600; break; case 1000000: baudrate = B1000000; break; case 1152000: baudrate = B1152000; break; case 1500000: baudrate = B1500000; break; case 2000000: baudrate = B2000000; break; case 2500000: baudrate = B2500000; break; case 3000000: baudrate = B3000000; break; case 3500000: baudrate = B3500000; break; case 4000000: baudrate = B4000000; break;
#define HAVE_TERMIOS2 1

configure: exit 0
